<?xml version="1.0" encoding="UTF-8"?>
<testsuite xmlns:xsi="http://www.w3.org/2001/XMLSchema-instance" xsi:noNamespaceSchemaLocation="https://maven.apache.org/surefire/maven-surefire-plugin/xsd/surefire-test-report-3.0.xsd" version="3.0" name="TestRunner.Testrunner1" time="30.424" tests="4" errors="2" skipped="0" failures="0">
  <properties>
[...]
</properties>
  <testcase name="Verify the login feature of parabank happypath All Fields #1" classname="Functional testing of login page of paraBank" time="11.186">
    <error message="Cannot invoke &quot;org.openqa.selenium.WebElement.isDisplayed()&quot; because &quot;this.usernamelink&quot; is null" type="java.lang.NullPointerException"><![CDATA[java.lang.NullPointerException: Cannot invoke "org.openqa.selenium.WebElement.isDisplayed()" because "this.usernamelink" is null
	at pageObjects.LoginPage.loginchecks(LoginPage.java:27)
	at stepDefinitions.LoginSteps.i_check_the_customer_login_links_and_buttons(LoginSteps.java:17)
	at ✽.I check the customer login links and buttons(file:///C:/Users/VIGNESWARAN/Documents/Projects/Selenium+Java/ParaBank/src/test/java/features/Login.feature:9)
]]></error>
    <system-out><![CDATA[
@Login @regression @loginhappypath1 @regression
Scenario Outline: Verify the login feature of parabank happypath All Fields # src/test/java/features/Login.feature:16
  Given I enter paraBank homepage                                           # stepDefinitions.RegistrationSteps.i_enter_para_bank_homepage()
  When I check the customer login links and buttons                         # stepDefinitions.LoginSteps.i_check_the_customer_login_links_and_buttons()
      java.lang.NullPointerException: Cannot invoke "org.openqa.selenium.WebElement.isDisplayed()" because "this.usernamelink" is null
      	at pageObjects.LoginPage.loginchecks(LoginPage.java:27)
      	at stepDefinitions.LoginSteps.i_check_the_customer_login_links_and_buttons(LoginSteps.java:17)
      	at ✽.I check the customer login links and buttons(file:///C:/Users/VIGNESWARAN/Documents/Projects/Selenium+Java/ParaBank/src/test/java/features/Login.feature:9)
  And I enter "NTYQZYRB1234" and "JHIHZGVV8085" and click log in button     # stepDefinitions.LoginSteps.i_enter_and_and_click_log_in_button(java.lang.String,java.lang.String)
]]></system-out>
  </testcase>
  <testcase name="Verify the login feature of parabank happypath All Fields #2" classname="Functional testing of login page of paraBank" time="4.401">
    <error message="Cannot invoke &quot;org.openqa.selenium.WebElement.isDisplayed()&quot; because &quot;this.usernamelink&quot; is null" type="java.lang.NullPointerException"><![CDATA[java.lang.NullPointerException: Cannot invoke "org.openqa.selenium.WebElement.isDisplayed()" because "this.usernamelink" is null
	at pageObjects.LoginPage.loginchecks(LoginPage.java:27)
	at stepDefinitions.LoginSteps.i_check_the_customer_login_links_and_buttons(LoginSteps.java:17)
	at ✽.I check the customer login links and buttons(file:///C:/Users/VIGNESWARAN/Documents/Projects/Selenium+Java/ParaBank/src/test/java/features/Login.feature:9)
]]></error>
    <system-out><![CDATA[
@Login @regression @loginhappypath1 @regression
Scenario Outline: Verify the login feature of parabank happypath All Fields # src/test/java/features/Login.feature:17
  Given I enter paraBank homepage                                           # stepDefinitions.RegistrationSteps.i_enter_para_bank_homepage()
  When I check the customer login links and buttons                         # stepDefinitions.LoginSteps.i_check_the_customer_login_links_and_buttons()
      java.lang.NullPointerException: Cannot invoke "org.openqa.selenium.WebElement.isDisplayed()" because "this.usernamelink" is null
      	at pageObjects.LoginPage.loginchecks(LoginPage.java:27)
      	at stepDefinitions.LoginSteps.i_check_the_customer_login_links_and_buttons(LoginSteps.java:17)
      	at ✽.I check the customer login links and buttons(file:///C:/Users/VIGNESWARAN/Documents/Projects/Selenium+Java/ParaBank/src/test/java/features/Login.feature:9)
  And I enter "RABFQCOD1234" and "LFEFIKLT1142" and click log in button     # stepDefinitions.LoginSteps.i_enter_and_and_click_log_in_button(java.lang.String,java.lang.String)
]]></system-out>
  </testcase>
  <testcase name="Verify the registration feature of parabank happypath All Fields" classname="Functional testing of registration page of paraBank" time="6.67">
    <system-out><![CDATA[
@registration @regression @registerhappypath1 @regression
Scenario: Verify the registration feature of parabank happypath All Fields # src/test/java/features/Registration.feature:7
  Given I enter paraBank homepage                                          # stepDefinitions.RegistrationSteps.i_enter_para_bank_homepage()
  When I click register link                                               # stepDefinitions.RegistrationSteps.i_click_register_link()
  Then I redirected to registration page                                   # stepDefinitions.RegistrationSteps.i_redirected_to_registration_page()
USERNAME ---> GPMCRQHH1234
PASSWORD ---> ENCTFNQH8842
  When I enter all fields                                                  # stepDefinitions.RegistrationSteps.i_enter_all_fields()
  And click register button                                                # stepDefinitions.RegistrationSteps.click_register_button()
  Then I see success page                                                  # stepDefinitions.RegistrationSteps.i_see_success_page()
]]></system-out>
  </testcase>
  <testcase name="Verify the registration feature of parabank happypath Mandatory" classname="Functional testing of registration page of paraBank" time="6.903">
    <system-out><![CDATA[
@registration @regression @registerhappypath2 @regression
Scenario: Verify the registration feature of parabank happypath Mandatory # src/test/java/features/Registration.feature:16
  Given I enter paraBank homepage                                         # stepDefinitions.RegistrationSteps.i_enter_para_bank_homepage()
  When I click register link                                              # stepDefinitions.RegistrationSteps.i_click_register_link()
  Then I redirected to registration page                                  # stepDefinitions.RegistrationSteps.i_redirected_to_registration_page()
USERNAME ---> SJVHHFEU1234
PASSWORD ---> YSZRUTSK0345
  When I enter mandatory fields                                           # stepDefinitions.RegistrationSteps.i_enter_mandatory_fields()
  And click register button                                               # stepDefinitions.RegistrationSteps.click_register_button()
  Then I see success page                                                 # stepDefinitions.RegistrationSteps.i_see_success_page()
]]></system-out>
  </testcase>
</testsuite>